<?xml version="1.0" encoding="UTF-8"?>
<testng-results ignored="0" total="3" passed="3" failed="0" skipped="0">
  <reporter-output>
  </reporter-output>
  <suite started-at="2025-12-18T16:35:42 IST" name="Amazon Suite" finished-at="2025-12-18T16:36:09 IST" duration-ms="26934">
    <groups>
    </groups>
    <test started-at="2025-12-18T16:35:42 IST" name="Amazon Automation" finished-at="2025-12-18T16:36:09 IST" duration-ms="26934">
      <class name="com.selenium.amazon_automation.tests.AmazonTests">
        <test-method is-config="true" signature="setUp()[pri:0, instance:com.selenium.amazon_automation.tests.AmazonTests@ffaa6af]" started-at="2025-12-18T16:35:42 IST" name="setUp" finished-at="2025-12-18T16:35:45 IST" duration-ms="2878" status="PASS">
          <reporter-output>
          </reporter-output>
        </test-method> <!-- setUp -->
        <test-method signature="openHome()[pri:0, instance:com.selenium.amazon_automation.tests.AmazonTests@ffaa6af]" started-at="2025-12-18T16:35:45 IST" name="openHome" finished-at="2025-12-18T16:35:55 IST" duration-ms="10653" status="PASS">
          <reporter-output>
          </reporter-output>
        </test-method> <!-- openHome -->
        <test-method signature="openSearch()[pri:0, instance:com.selenium.amazon_automation.tests.AmazonTests@ffaa6af]" started-at="2025-12-18T16:35:55 IST" name="openSearch" finished-at="2025-12-18T16:36:00 IST" depends-on-methods="com.selenium.amazon_automation.tests.AmazonTests.openHome" duration-ms="4986" status="PASS">
          <reporter-output>
          </reporter-output>
        </test-method> <!-- openSearch -->
        <test-method signature="openProduct()[pri:0, instance:com.selenium.amazon_automation.tests.AmazonTests@ffaa6af]" started-at="2025-12-18T16:36:00 IST" name="openProduct" finished-at="2025-12-18T16:36:08 IST" depends-on-methods="com.selenium.amazon_automation.tests.AmazonTests.openSearch" duration-ms="7942" status="PASS">
          <reporter-output>
          </reporter-output>
        </test-method> <!-- openProduct -->
        <test-method is-config="true" signature="tearDown()[pri:0, instance:com.selenium.amazon_automation.tests.AmazonTests@ffaa6af]" started-at="2025-12-18T16:36:08 IST" name="tearDown" finished-at="2025-12-18T16:36:09 IST" duration-ms="425" status="PASS">
          <reporter-output>
          </reporter-output>
        </test-method> <!-- tearDown -->
      </class> <!-- com.selenium.amazon_automation.tests.AmazonTests -->
    </test> <!-- Amazon Automation -->
  </suite> <!-- Amazon Suite -->
</testng-results>
