<?xml version="1.0" encoding="UTF-8"?>
<!-- Generated by org.testng.reporters.JUnitXMLReporter -->
<testsuite ignored="0" hostname="Instavanss-MacBook-Pro.local" failures="0" tests="3" name="Amazon Automation" time="26.934" errors="0" timestamp="2025-12-18T16:36:09 IST">
  <testcase classname="com.selenium.amazon_automation.tests.AmazonTests" name="openHome" time="10.653"/>
  <testcase classname="com.selenium.amazon_automation.tests.AmazonTests" name="openSearch" time="4.986"/>
  <testcase classname="com.selenium.amazon_automation.tests.AmazonTests" name="openProduct" time="7.942"/>
</testsuite> <!-- Amazon Automation -->
