<?xml version="1.0" encoding="UTF-8"?>
<!-- Generated by org.testng.reporters.JUnitReportReporter -->
<testsuite hostname="Instavanss-MacBook-Pro.local" failures="0" tests="3" name="com.selenium.amazon_automation.tests.AmazonTests" time="23.581" errors="0" timestamp="2025-12-18T16:36:09 IST" skipped="0">
  <testcase classname="com.selenium.amazon_automation.tests.AmazonTests" name="openHome" time="10.653"/>
  <system-out/>
  <testcase classname="com.selenium.amazon_automation.tests.AmazonTests" name="openProduct" time="7.942"/>
  <system-out/>
  <testcase classname="com.selenium.amazon_automation.tests.AmazonTests" name="openSearch" time="4.986"/>
  <system-out/>
</testsuite> <!-- com.selenium.amazon_automation.tests.AmazonTests -->
